<?xml version="1.0" encoding="UTF-8"?>
<!-- Generated by org.testng.reporters.JUnitReportReporter -->
<testsuite skipped="0" hostname="Pete-Ryzen" name="com.optimised_buildings_ltd.CSVExport.test.BGoodTest" tests="1" failures="0" timestamp="11 Nov 2020 09:19:12 GMT" time="0.001" errors="0">
  <testcase name="addTest" time="0.001" classname="com.optimised_buildings_ltd.CSVExport.test.BGoodTest"/>
</testsuite> <!-- com.optimised_buildings_ltd.CSVExport.test.BGoodTest -->
